<?xml version="1.0" encoding="UTF-8" ?> 
<testsuites id="id" name="name" tests="225" failures="1262" errors="" time="0.001">
    <testsuite id="codereview.cobol.analysisProvider" name="COBOL Code Review" tests="45" failures="17" time="0.001">
        <testcase id="codereview.cobol.rules.ProgramIdRule" name="Use a program name that matches the source file name" time="0.001">
            <failure message="PROGRAM.cbl:2 Use a program name that matches the source file name" type="WARNING">
                Some Text
            </failure>
        </testcase>
    </testsuite>
</testsuites>